Arguments: 
  /Users/jasmeetsingh/.nvm/versions/node/v10.4.1/bin/node /usr/local/Cellar/yarn/1.7.0/libexec/bin/yarn.js

PATH: 
  /Users/jasmeetsingh/.nvm/versions/node/v10.4.1/bin:/usr/local/bin:/usr/local/bin:/usr/bin:/bin:/usr/sbin:/sbin

Yarn version: 
  1.7.0

Node version: 
  10.4.1

Platform: 
  darwin x64

Trace: 
  SyntaxError: /Users/jasmeetsingh/jasmeet/react-minimal-starter/package.json: Unexpected token } in JSON at position 676
      at JSON.parse (<anonymous>)
      at /usr/local/Cellar/yarn/1.7.0/libexec/lib/cli.js:1130:59
      at Generator.next (<anonymous>)
      at step (/usr/local/Cellar/yarn/1.7.0/libexec/lib/cli.js:98:30)
      at /usr/local/Cellar/yarn/1.7.0/libexec/lib/cli.js:109:13

npm manifest: 
  {
    "name": "y",
    "version": "1.0.0",
    "description": "Starter React 16 Project",
    "main": "y",
    "scripts": {
      "test": "echo \"Success: no test specified\"",
      "start": "webpack-dev-server --open --config webpack.dev.js --hot --inline",
      "build": "webpack --config webpack.prod.js",
      "lint": "eslint ./src --ext .js --ext .jsx && sass-lint -v -q",
      "format": "prettier-standard 'src/**/*.{js,jsx}' ",
      "commitmsg": "commitlint -E GIT_PARAMS"
    },
    "author": "",
    "license": "ISC",
    "pre-commit": [
      "lint"
    ],
    "dependencies": {
      "react": "^16.2.0",
      "react-dom": "^16.2.0",
      "react-router": "^4.2.0",
      "react-router-dom": "^4.2.2",
    },
    "devDependencies": {
      "@commitlint/cli": "^7.0.0",
      "@commitlint/config-conventional": "^7.0.1",
      "@commitlint/prompt-cli": "^7.0.0",
      "babel-core": "^6.26.0",
      "babel-eslint": "^8.2.2",
      "babel-loader": "^7.1.4",
      "babel-preset-es2015": "^6.24.1",
      "babel-preset-react-app": "^3.1.1",
      "babel-runtime": "^6.26.0",
      "commitlint": "^7.0.0",
      "css-loader": "^0.28.10",
      "eslint": "^4.18.2",
      "eslint-config-prettier": "^2.9.0",
      "eslint-config-prettier-standard": "^1.0.1",
      "eslint-config-standard": "^11.0.0",
      "eslint-loader": "^2.0.0",
      "eslint-plugin-import": "^2.9.0",
      "eslint-plugin-node": "^6.0.1",
      "eslint-plugin-prettier": "^2.6.0",
      "eslint-plugin-promise": "^3.7.0",
      "eslint-plugin-react": "^7.7.0",
      "eslint-plugin-standard": "^3.0.1",
      "html-webpack-plugin": "^3.0.6",
      "husky": "^0.14.3",
      "node-sass": "^4.8.1",
      "pre-commit": "^1.2.2",
      "prettier": "^1.11.1",
      "prettier-standard": "^8.0.0",
      "prop-types": "^15.6.1",
      "react-hot-loader": "^4.0.0",
      "sass-lint": "^1.12.1",
      "sass-loader": "^6.0.7",
      "style-loader": "^0.20.3",
      "webpack": "^4.1.1",
      "webpack-cli": "^2.0.11",
      "webpack-dev-server": "^3.1.1",
      "webpack-merge": "^4.1.2"
    }
  }

yarn manifest: 
  No manifest

Lockfile: 
  No lockfile
